<?xml version="1.0" encoding="UTF-8"?>
<testsuite name="com.example.restservice.RestServiceApplicationTests" tests="1" skipped="0" failures="0" errors="0" timestamp="2023-03-24T11:55:09" hostname="C02F50QUMD6R" time="0.515">
  <properties/>
  <testcase name="contextLoads()" classname="com.example.restservice.RestServiceApplicationTests" time="0.515"/>
  <system-out><![CDATA[11:55:06.945 [Test worker] DEBUG org.springframework.boot.test.context.SpringBootTestContextBootstrapper - Neither @ContextConfiguration nor @ContextHierarchy found for test class [RestServiceApplicationTests]: using SpringBootContextLoader
11:55:06.952 [Test worker] DEBUG org.springframework.test.context.support.AbstractContextLoader - Could not detect default resource locations for test class [com.example.restservice.RestServiceApplicationTests]: no resource found for suffixes {-context.xml, Context.groovy}.
11:55:06.953 [Test worker] INFO org.springframework.test.context.support.AnnotationConfigContextLoaderUtils - Could not detect default configuration classes for test class [com.example.restservice.RestServiceApplicationTests]: RestServiceApplicationTests does not declare any static, non-private, non-final, nested classes annotated with @Configuration.
11:55:06.995 [Test worker] DEBUG org.springframework.boot.test.context.SpringBootTestContextBootstrapper - Using ContextCustomizers for test class [RestServiceApplicationTests]: [DisableObservabilityContextCustomizer, PropertyMappingContextCustomizer, Customizer, ExcludeFilterContextCustomizer, DuplicateJsonObjectContextCustomizer, MockitoContextCustomizer, TestRestTemplateContextCustomizer]
11:55:07.082 [Test worker] DEBUG org.springframework.context.annotation.ClassPathScanningCandidateComponentProvider - Identified candidate component class: file [/Users/jasleen.matharu/Documents/Tutorials/WWC23/wwc23/build/classes/java/main/com/example/restservice/RestServiceApplication.class]
11:55:07.083 [Test worker] INFO org.springframework.boot.test.context.SpringBootTestContextBootstrapper - Found @SpringBootConfiguration com.example.restservice.RestServiceApplication for test class com.example.restservice.RestServiceApplicationTests
11:55:07.178 [Test worker] DEBUG org.springframework.boot.test.context.SpringBootTestContextBootstrapper - Using TestExecutionListeners for test class [RestServiceApplicationTests]: [ServletTestExecutionListener, DirtiesContextBeforeModesTestExecutionListener, ApplicationEventsTestExecutionListener, MockitoTestExecutionListener, DependencyInjectionTestExecutionListener, DirtiesContextTestExecutionListener, TransactionalTestExecutionListener, SqlScriptsTestExecutionListener, EventPublishingTestExecutionListener, RestDocsTestExecutionListener, MockRestServiceServerResetTestExecutionListener, MockMvcPrintOnlyOnFailureTestExecutionListener, WebDriverTestExecutionListener, MockWebServiceServerTestExecutionListener, ResetMocksTestExecutionListener]
11:55:07.180 [Test worker] DEBUG org.springframework.test.context.support.AbstractDirtiesContextTestExecutionListener - Before test class: class [RestServiceApplicationTests], class annotated with @DirtiesContext [false] with mode [null]

  .   ____          _            __ _ _
 /\\ / ___'_ __ _ _(_)_ __  __ _ \ \ \ \
( ( )\___ | '_ | '_| | '_ \/ _` | \ \ \ \
 \\/  ___)| |_)| | | | | || (_| |  ) ) ) )
  '  |____| .__|_| |_|_| |_\__, | / / / /
 =========|_|==============|___/=/_/_/_/
 :: Spring Boot ::                (v3.0.0)

2023-03-24T11:55:07.518Z  INFO 12572 --- [    Test worker] c.e.r.RestServiceApplicationTests        : Starting RestServiceApplicationTests using Java 17.0.2 with PID 12572 (started by jasleen.matharu in /Users/jasleen.matharu/Documents/Tutorials/WWC23/wwc23)
2023-03-24T11:55:07.520Z  INFO 12572 --- [    Test worker] c.e.r.RestServiceApplicationTests        : No active profile set, falling back to 1 default profile: "default"
2023-03-24T11:55:08.138Z  INFO 12572 --- [    Test worker] .s.d.r.c.RepositoryConfigurationDelegate : Bootstrapping Spring Data JDBC repositories in DEFAULT mode.
2023-03-24T11:55:08.156Z  INFO 12572 --- [    Test worker] .s.d.r.c.RepositoryConfigurationDelegate : Finished Spring Data repository scanning in 13 ms. Found 0 JDBC repository interfaces.
2023-03-24T11:55:08.652Z  INFO 12572 --- [    Test worker] o.f.c.internal.license.VersionPrinter    : Flyway Community Edition 9.5.1 by Redgate
2023-03-24T11:55:08.653Z  INFO 12572 --- [    Test worker] o.f.c.internal.license.VersionPrinter    : See what's new here: https://flywaydb.org/documentation/learnmore/releaseNotes#9.5.1
2023-03-24T11:55:08.653Z  INFO 12572 --- [    Test worker] o.f.c.internal.license.VersionPrinter    : 
2023-03-24T11:55:08.902Z  INFO 12572 --- [    Test worker] o.f.c.i.database.base.BaseDatabaseType   : Database: jdbc:postgresql:productdb (PostgreSQL 15.1)
2023-03-24T11:55:08.946Z  INFO 12572 --- [    Test worker] o.f.core.internal.command.DbValidate     : Successfully validated 1 migration (execution time 00:00.021s)
2023-03-24T11:55:09.014Z  INFO 12572 --- [    Test worker] o.f.core.internal.command.DbMigrate      : Current version of schema "public": 1
2023-03-24T11:55:09.014Z ERROR 12572 --- [    Test worker] o.f.core.internal.command.DbMigrate      : Schema "public" has version 1, but no migration could be resolved in the configured locations !
2023-03-24T11:55:09.016Z  INFO 12572 --- [    Test worker] o.f.core.internal.command.DbMigrate      : Schema "public" is up to date. No migration necessary.
2023-03-24T11:55:09.524Z  INFO 12572 --- [    Test worker] com.zaxxer.hikari.HikariDataSource       : HikariPool-1 - Starting...
2023-03-24T11:55:09.570Z  INFO 12572 --- [    Test worker] com.zaxxer.hikari.pool.HikariPool        : HikariPool-1 - Added connection org.postgresql.jdbc.PgConnection@2ccc9681
2023-03-24T11:55:09.571Z  INFO 12572 --- [    Test worker] com.zaxxer.hikari.HikariDataSource       : HikariPool-1 - Start completed.
2023-03-24T11:55:09.734Z  INFO 12572 --- [    Test worker] c.e.r.RestServiceApplicationTests        : Started RestServiceApplicationTests in 2.507 seconds (process running for 3.815)
]]></system-out>
  <system-err><![CDATA[]]></system-err>
</testsuite>
